<?xml version="1.0" encoding="UTF-8"?>
<!-- Generated by org.testng.reporters.JUnitReportReporter -->
<testsuite hostname="LAPTOP-DI0Q8O11" failures="0" tests="1" name="org.MiWay.Practice.cricbuzz" time="19.780" errors="0" timestamp="2023-01-07T23:16:07 IST" skipped="0">
  <testcase classname="org.MiWay.Practice.cricbuzz" name="cricbuzz" time="19.780"/>
  <system-out/>
</testsuite> <!-- org.MiWay.Practice.cricbuzz -->
