<?xml version="1.0" encoding="UTF-8"?>
<!-- Generated by org.testng.reporters.JUnitReportReporter -->
<testsuite hostname="LAPTOP-DI0Q8O11" failures="0" tests="1" name="org.MiWay.Practice.ShadowElement" time="3.033" errors="0" timestamp="2022-09-30T11:41:58 IST" skipped="0">
  <testcase classname="org.MiWay.Practice.ShadowElement" name="shadowElement" time="3.033"/>
  <system-out/>
</testsuite> <!-- org.MiWay.Practice.ShadowElement -->
