<?xml version="1.0" encoding="UTF-8"?>
<!-- Generated by org.testng.reporters.JUnitReportReporter -->
<testsuite hostname="LAPTOP-DI0Q8O11" failures="0" tests="1" name="org.MiWay.Practice.brokenlinks" time="125.594" errors="0" timestamp="2022-09-30T11:42:15 IST" skipped="0">
  <testcase classname="org.MiWay.Practice.brokenlinks" name="brokenlinks" time="125.594"/>
  <system-out/>
</testsuite> <!-- org.MiWay.Practice.brokenlinks -->
